Arguments: 
  /Users/hallvardandreasstark/.nvm/versions/node/v16.15.1/bin/node /usr/local/Cellar/yarn/1.22.19/libexec/bin/yarn.js add k9-bem-utils

PATH: 
  /Users/hallvardandreasstark/.nvm/versions/node/v16.15.1/bin:/usr/local/bin:/usr/bin:/bin:/usr/sbin:/sbin:/usr/local/MacGPG2/bin:/usr/local/munki:/Applications/Privileges.app/Contents/Resources:/Users/hallvardandreasstark/.nvm/versions/node/v16.15.1/bin

Yarn version: 
  1.22.19

Node version: 
  16.15.1

Platform: 
  darwin x64

Trace: 
  Error: https://registry.yarnpkg.com/k9-bem-utils: Not found
      at Request.params.callback [as _callback] (/usr/local/Cellar/yarn/1.22.19/libexec/lib/cli.js:66145:18)
      at Request.self.callback (/usr/local/Cellar/yarn/1.22.19/libexec/lib/cli.js:140890:22)
      at Request.emit (node:events:527:28)
      at Request.<anonymous> (/usr/local/Cellar/yarn/1.22.19/libexec/lib/cli.js:141862:10)
      at Request.emit (node:events:527:28)
      at IncomingMessage.<anonymous> (/usr/local/Cellar/yarn/1.22.19/libexec/lib/cli.js:141784:12)
      at Object.onceWrapper (node:events:641:28)
      at IncomingMessage.emit (node:events:539:35)
      at endReadableNT (node:internal/streams/readable:1345:12)
      at processTicksAndRejections (node:internal/process/task_queues:83:21)

npm manifest: 
  {
      "name": "k9-form-utils",
      "version": "1.3.1",
      "scripts": {
          "build": "rollup -c rollup.config.mjs",
          "clean": "rm -rf ./dist ./node_modules",
          "storybook": "start-storybook -p 7003 --ci",
          "test": "jest --passWithNoTests"
      },
      "author": "NAV IT",
      "license": "MIT",
      "main": "./dist/index.js",
      "types": "./dist/index.d.ts",
      "files": [
          "dist",
          "index.ts",
          "package.json"
      ],
      "devDependencies": {
          "@hookform/error-message": "2.0.0",
          "@navikt/ds-css": "1.5.6",
          "@navikt/ds-react": "1.5.6",
          "@navikt/fnrvalidator": "1.3.3",
          "@navikt/ft-plattform-komponenter": "1.3.4",
          "@popperjs/core": "2.11.6",
          "@storybook/react": "6.5.13",
          "classnames": "2.3.2",
          "dayjs": "1.11.6",
          "lodash.throttle": "4.1.1",
          "nav-datovelger": "12.6.0",
          "prop-types": "15.8.1",
          "react-collapse": "5.1.1",
          "react-day-picker": "7.4.10",
          "react-dom": "18.2.0",
          "react-hook-form": "7.38.0",
          "react-popper": "2.3.0",
          "react": "18.2.0"
      },
      "peerDependencies": {
          "@hookform/error-message": "2.0.0",
          "@navikt/ds-css": "1.3.38",
          "@navikt/ds-react": "1.3.38",
          "@navikt/fnrvalidator": "1.3.3",
          "@navikt/ft-plattform-komponenter": "1.2.7",
          "@popperjs/core": "2.11.6",
          "@storybook/react": "6.5.12",
          "classnames": "2.3.2",
          "dayjs": "1.11.6",
          "lodash.throttle": "4.1.1",
          "nav-datovelger": "12.6.0",
          "prop-types": "15.8.1",
          "react-collapse": "5.1.1",
          "react-day-picker": "7.4.10",
          "react-dom": "18.2.0",
          "react-hook-form": "7.38.0",
          "react-popper": "2.3.0",
          "react": "18.2.0"
      },
      "dependencies": {},
      "exports": {
          "require": "./dist/index.cjs.js",
          "import": "./dist/index.js"
      }
  }

yarn manifest: 
  No manifest

Lockfile: 
  No lockfile
